SELECT * from DLINGESTIONUAT.executorconfigbasel where identifier in ('curation_e2e') and frequency in (select distinct frequency from DLINGESTIONUAT.executorconfigbasel)
job_id_list --> 
job_run_details --> []
last_month_data --> []
last_day_data --> []
exec_dt --> 2021-02-09 13:12:22.039550
last_day_filter = []
last_month_filter = []
query_no = 1
tbl_details = None
tbl_last_run_date = None
tbl_status = None
prev cnt = None
curr cnt = 840250
select count(*) from risk_uat.entity_no_dups
variance = 0.0
last_month_variance = 0.0
db = risk_uat
table_name = entity_no_dups
shell_cmd = hadoop fs -ls -t -r /apps/hive/warehouse/risk_uat.db/entity_no_dups | awk -F ' ' '{print $6}' | tail -n 1
tab_last_ref = 2021-01-28
tab_last_ref = 2021-01-28
last_day_filter = []
last_month_filter = []
query_no = 2
tbl_details = None
tbl_last_run_date = None
tbl_status = None
prev cnt = None
curr cnt = 0
select nvl(sum(cnt),0) countrows from (select count(*) cnt from risk_uat.entity_no_dups group by entity_code having count(*)>1) a
variance = 0.0
last_month_variance = 0.0
db = risk_uat
table_name = entity_no_dups
shell_cmd = hadoop fs -ls -t -r /apps/hive/warehouse/risk_uat.db/entity_no_dups | awk -F ' ' '{print $6}' | tail -n 1
tab_last_ref = 2021-01-28
tab_last_ref = 2021-01-28
last_day_filter = []
last_month_filter = []
query_no = 3
tbl_details = None
tbl_last_run_date = None
tbl_status = None
prev cnt = None
curr cnt = 0
select count(*) from risk_uat.entity_no_dups where length(entity_code)>50 or length(entity_desc)>100 or length(country_code)>3 or length(et_code_user)>12 or length(risk_area)>20 or length(industry_sector)>12 or length(incorporation_country)>3 or length(default_flag)>1 or length(managed_as_retail)>1 or length(import_source)>20 or length(attribute_10)>100 or length(attribute_11)>100 or length(attribute_12)>100
variance = 0.0
last_month_variance = 0.0
db = risk_uat
table_name = entity_no_dups
shell_cmd = hadoop fs -ls -t -r /apps/hive/warehouse/risk_uat.db/entity_no_dups | awk -F ' ' '{print $6}' | tail -n 1
tab_last_ref = 2021-01-28
tab_last_ref = 2021-01-28
last_day_filter = []
last_month_filter = []
query_no = 4
tbl_details = None
tbl_last_run_date = None
tbl_status = None
prev cnt = None
curr cnt = 0
select count(*) from risk_uat.entity_no_dups where entity_code is null
variance = 0.0
last_month_variance = 0.0
db = risk_uat
table_name = entity_no_dups
shell_cmd = hadoop fs -ls -t -r /apps/hive/warehouse/risk_uat.db/entity_no_dups | awk -F ' ' '{print $6}' | tail -n 1
tab_last_ref = 2021-01-28
tab_last_ref = 2021-01-28
last_day_filter = []
last_month_filter = []
query_no = 5
tbl_details = None
tbl_last_run_date = None
tbl_status = None
prev cnt = None
curr cnt = 0
select count(*) from risk_uat.entity_no_dups where upper(import_source) != import_source
variance = 0.0
last_month_variance = 0.0
db = risk_uat
table_name = entity_no_dups
shell_cmd = hadoop fs -ls -t -r /apps/hive/warehouse/risk_uat.db/entity_no_dups | awk -F ' ' '{print $6}' | tail -n 1
tab_last_ref = 2021-01-28
tab_last_ref = 2021-01-28
last_day_filter = []
last_month_filter = []
query_no = 6
tbl_details = None
tbl_last_run_date = None
tbl_status = None
prev cnt = None
curr cnt = 1513
select count(*) from risk_uat.entity_links
variance = 0.0
last_month_variance = 0.0
db = risk_uat
table_name = entity_links
shell_cmd = hadoop fs -ls -t -r /apps/hive/warehouse/risk_uat.db/entity_links | awk -F ' ' '{print $6}' | tail -n 1
tab_last_ref = 2021-01-24
tab_last_ref = 2021-01-24
last_day_filter = []
last_month_filter = []
query_no = 7
tbl_details = None
tbl_last_run_date = None
tbl_status = None
prev cnt = None
curr cnt = 0
select count(*) from risk_uat.entity_links where child_code is null or mother_code is null or link_type is null
variance = 0.0
last_month_variance = 0.0
db = risk_uat
table_name = entity_links
shell_cmd = hadoop fs -ls -t -r /apps/hive/warehouse/risk_uat.db/entity_links | awk -F ' ' '{print $6}' | tail -n 1
tab_last_ref = 2021-01-24
tab_last_ref = 2021-01-24
last_day_filter = []
last_month_filter = []
query_no = 8
tbl_details = None
tbl_last_run_date = None
tbl_status = None
prev cnt = None
curr cnt = 0
select count(*) from risk_uat.entity_links where length(child_code)>50 or length(mother_code)>50 or length(link_type)>20 or length(import_source)>20
variance = 0.0
last_month_variance = 0.0
db = risk_uat
table_name = entity_links
shell_cmd = hadoop fs -ls -t -r /apps/hive/warehouse/risk_uat.db/entity_links | awk -F ' ' '{print $6}' | tail -n 1
tab_last_ref = 2021-01-24
tab_last_ref = 2021-01-24
last_day_filter = []
last_month_filter = []
query_no = 9
tbl_details = None
tbl_last_run_date = None
tbl_status = None
prev cnt = None
curr cnt = 0
select count(*) from risk_uat.entity_links where cast(link_weight as double) is null and link_weight is not null
variance = 0.0
last_month_variance = 0.0
db = risk_uat
table_name = entity_links
shell_cmd = hadoop fs -ls -t -r /apps/hive/warehouse/risk_uat.db/entity_links | awk -F ' ' '{print $6}' | tail -n 1
tab_last_ref = 2021-01-24
tab_last_ref = 2021-01-24
last_day_filter = []
last_month_filter = []
query_no = 10
tbl_details = None
tbl_last_run_date = None
tbl_status = None
prev cnt = None
curr cnt = 0
select nvl(sum(cnt),0) countrows from (select count(*) cnt from risk_uat.entity_links group by child_code, mother_code, link_type having count(*)>1) a
variance = 0.0
last_month_variance = 0.0
db = risk_uat
table_name = entity_links
shell_cmd = hadoop fs -ls -t -r /apps/hive/warehouse/risk_uat.db/entity_links | awk -F ' ' '{print $6}' | tail -n 1
tab_last_ref = 2021-01-24
tab_last_ref = 2021-01-24
['kmanish@mashreq.com', 'nehat@mashreq.com', 'FERMANALIN@mashreq.com', 'BalaK@mashreq.com', 'HITANSHAA@mashreq.com;', '']
